<?xml version="1.0" encoding="UTF-8"?>
<coverage generated="1713855425990" clover="3.2.0">
  <project timestamp="1713855425990" name="All files">
    <metrics statements="18" coveredstatements="14" conditionals="7" coveredconditionals="3" methods="6" coveredmethods="6" elements="31" coveredelements="23" complexity="0" loc="18" ncloc="18" packages="2" files="3" classes="3"/>
    <package name="ts">
      <metrics statements="13" coveredstatements="9" conditionals="7" coveredconditionals="3" methods="3" coveredmethods="3"/>
      <file name="displayNoResult.ts" path="C:\Users\asse_\OneDrive\Skrivbord\testing-AsrinneNazari\src\ts\displayNoResult.ts">
        <metrics statements="4" coveredstatements="4" conditionals="0" coveredconditionals="0" methods="1" coveredmethods="1"/>
        <line num="1" count="1" type="stmt"/>
        <line num="2" count="1" type="stmt"/>
        <line num="4" count="1" type="stmt"/>
        <line num="6" count="1" type="stmt"/>
      </file>
      <file name="functions.ts" path="C:\Users\asse_\OneDrive\Skrivbord\testing-AsrinneNazari\src\ts\functions.ts">
        <metrics statements="9" coveredstatements="5" conditionals="7" coveredconditionals="3" methods="2" coveredmethods="2"/>
        <line num="3" count="1" type="cond" truecount="1" falsecount="0"/>
        <line num="4" count="1" type="stmt"/>
        <line num="5" count="1" type="cond" truecount="1" falsecount="1"/>
        <line num="6" count="1" type="cond" truecount="0" falsecount="1"/>
        <line num="7" count="1" type="cond" truecount="1" falsecount="0"/>
        <line num="9" count="0" type="stmt"/>
        <line num="11" count="0" type="cond" truecount="0" falsecount="1"/>
        <line num="12" count="0" type="cond" truecount="0" falsecount="1"/>
        <line num="14" count="0" type="stmt"/>
      </file>
    </package>
    <package name="ts.services">
      <metrics statements="5" coveredstatements="5" conditionals="0" coveredconditionals="0" methods="3" coveredmethods="3"/>
      <file name="movieService.ts" path="C:\Users\asse_\OneDrive\Skrivbord\testing-AsrinneNazari\src\ts\services\movieService.ts">
        <metrics statements="5" coveredstatements="5" conditionals="0" coveredconditionals="0" methods="3" coveredmethods="3"/>
        <line num="3" count="1" type="stmt"/>
        <line num="5" count="1" type="stmt"/>
        <line num="6" count="2" type="stmt"/>
        <line num="9" count="1" type="stmt"/>
        <line num="12" count="1" type="stmt"/>
      </file>
    </package>
  </project>
</coverage>
