{"C:\\Users\\asse_\\OneDrive\\Skrivbord\\testing-AsrinneNazari\\src\\ts\\functions.ts": {"path":"C:\\Users\\asse_\\OneDrive\\Skrivbord\\testing-AsrinneNazari\\src\\ts\\functions.ts","statementMap":{"0":{"start":{"line":3,"column":25},"end":{"line":17,"column":1}},"1":{"start":{"line":4,"column":2},"end":{"line":16,"column":5}},"2":{"start":{"line":5,"column":4},"end":{"line":15,"column":5}},"3":{"start":{"line":6,"column":6},"end":{"line":6,"column":38}},"4":{"start":{"line":6,"column":29},"end":{"line":6,"column":38}},"5":{"start":{"line":7,"column":6},"end":{"line":7,"column":39}},"6":{"start":{"line":7,"column":29},"end":{"line":7,"column":39}},"7":{"start":{"line":9,"column":6},"end":{"line":9,"column":15}},"8":{"start":{"line":11,"column":6},"end":{"line":11,"column":39}},"9":{"start":{"line":11,"column":29},"end":{"line":11,"column":39}},"10":{"start":{"line":12,"column":6},"end":{"line":12,"column":38}},"11":{"start":{"line":12,"column":29},"end":{"line":12,"column":38}},"12":{"start":{"line":14,"column":6},"end":{"line":14,"column":15}},"13":{"start":{"line":3,"column":13},"end":{"line":3,"column":25}}},"fnMap":{"0":{"name":"(anonymous_0)","decl":{"start":{"line":3,"column":25},"end":{"line":3,"column":26}},"loc":{"start":{"line":3,"column":68},"end":{"line":17,"column":1}}},"1":{"name":"(anonymous_1)","decl":{"start":{"line":4,"column":21},"end":{"line":4,"column":22}},"loc":{"start":{"line":4,"column":46},"end":{"line":16,"column":3}}}},"branchMap":{"0":{"loc":{"start":{"line":3,"column":44},"end":{"line":3,"column":64}},"type":"default-arg","locations":[{"start":{"line":3,"column":60},"end":{"line":3,"column":64}}]},"1":{"loc":{"start":{"line":5,"column":4},"end":{"line":15,"column":5}},"type":"if","locations":[{"start":{"line":5,"column":4},"end":{"line":15,"column":5}},{"start":{"line":10,"column":11},"end":{"line":15,"column":5}}]},"2":{"loc":{"start":{"line":6,"column":6},"end":{"line":6,"column":38}},"type":"if","locations":[{"start":{"line":6,"column":6},"end":{"line":6,"column":38}}]},"3":{"loc":{"start":{"line":7,"column":6},"end":{"line":7,"column":39}},"type":"if","locations":[{"start":{"line":7,"column":6},"end":{"line":7,"column":39}}]},"4":{"loc":{"start":{"line":11,"column":6},"end":{"line":11,"column":39}},"type":"if","locations":[{"start":{"line":11,"column":6},"end":{"line":11,"column":39}}]},"5":{"loc":{"start":{"line":12,"column":6},"end":{"line":12,"column":38}},"type":"if","locations":[{"start":{"line":12,"column":6},"end":{"line":12,"column":38}}]}},"s":{"0":1,"1":1,"2":1,"3":1,"4":0,"5":1,"6":1,"7":0,"8":0,"9":0,"10":0,"11":0,"12":0,"13":1},"f":{"0":1,"1":1},"b":{"0":[1],"1":[1,0],"2":[0],"3":[1],"4":[0],"5":[0]}}
,"C:\\Users\\asse_\\OneDrive\\Skrivbord\\testing-AsrinneNazari\\src\\ts\\services\\movieService.ts": {"path":"C:\\Users\\asse_\\OneDrive\\Skrivbord\\testing-AsrinneNazari\\src\\ts\\services\\movieService.ts","statementMap":{"0":{"start":{"line":3,"column":0},"end":{"line":3,"column":26}},"1":{"start":{"line":5,"column":23},"end":{"line":14,"column":1}},"2":{"start":{"line":6,"column":2},"end":{"line":13,"column":7}},"3":{"start":{"line":9,"column":6},"end":{"line":9,"column":30}},"4":{"start":{"line":12,"column":6},"end":{"line":12,"column":16}},"5":{"start":{"line":5,"column":13},"end":{"line":5,"column":23}}},"fnMap":{"0":{"name":"(anonymous_0)","decl":{"start":{"line":5,"column":23},"end":{"line":5,"column":28}},"loc":{"start":{"line":5,"column":71},"end":{"line":14,"column":1}}},"1":{"name":"(anonymous_1)","decl":{"start":{"line":8,"column":10},"end":{"line":8,"column":11}},"loc":{"start":{"line":8,"column":19},"end":{"line":10,"column":5}}},"2":{"name":"(anonymous_2)","decl":{"start":{"line":11,"column":11},"end":{"line":11,"column":14}},"loc":{"start":{"line":11,"column":16},"end":{"line":13,"column":5}}}},"branchMap":{},"s":{"0":1,"1":1,"2":1,"3":0,"4":0,"5":1},"f":{"0":1,"1":0,"2":0},"b":{}}
}
