TN:
SF:src\ts\createHtml.ts
FN:3,(anonymous_0)
FNF:1
FNH:1
FNDA:2,(anonymous_0)
DA:3,2
DA:4,2
DA:5,6
DA:6,6
DA:7,6
DA:9,6
DA:10,6
DA:11,6
DA:12,6
DA:14,6
DA:15,6
DA:17,6
LF:12
LH:12
BRF:0
BRH:0
end_of_record
TN:
SF:src\ts\displayNoResult.ts
FN:1,(anonymous_0)
FNF:1
FNH:1
FNDA:1,(anonymous_0)
DA:1,2
DA:2,1
DA:4,1
DA:6,1
LF:4
LH:4
BRF:0
BRH:0
end_of_record
TN:
SF:src\ts\functions.ts
FN:3,(anonymous_0)
FN:4,(anonymous_1)
FNF:2
FNH:2
FNDA:7,(anonymous_0)
FNDA:7,(anonymous_1)
DA:3,1
DA:4,7
DA:5,7
DA:6,4
DA:7,3
DA:9,1
DA:11,3
DA:12,2
DA:14,0
LF:9
LH:8
BRDA:3,0,0,0
BRDA:5,1,0,4
BRDA:5,1,1,3
BRDA:6,2,0,1
BRDA:7,3,0,2
BRDA:11,4,0,1
BRDA:12,5,0,2
BRF:7
BRH:6
end_of_record
TN:
SF:src\ts\movieApp.ts
FN:8,(anonymous_0)
FN:10,(anonymous_1)
FN:16,handleSubmit
FNF:3
FNH:1
FNDA:0,(anonymous_0)
FNDA:0,(anonymous_1)
FNDA:2,handleSubmit
DA:1,1
DA:2,1
DA:4,1
DA:6,1
DA:8,1
DA:9,0
DA:10,0
DA:11,0
DA:12,0
DA:16,1
DA:17,2
DA:20,2
DA:23,2
DA:25,2
DA:26,2
DA:28,2
DA:29,1
DA:31,1
DA:34,0
LF:19
LH:14
BRDA:28,0,0,1
BRDA:28,0,1,1
BRF:2
BRH:2
end_of_record
TN:
SF:src\ts\services\movieService.ts
FN:5,(anonymous_1)
FN:8,(anonymous_2)
FN:11,(anonymous_3)
FNF:3
FNH:3
FNDA:2,(anonymous_1)
FNDA:1,(anonymous_2)
FNDA:1,(anonymous_3)
DA:3,1
DA:5,1
DA:6,2
DA:9,1
DA:12,1
LF:5
LH:5
BRF:0
BRH:0
end_of_record
